<?xml version="1.0" encoding="UTF-8"?>
<testng-results ignored="0" total="1" passed="1" failed="0" skipped="0">
  <reporter-output>
  </reporter-output>
  <suite started-at="2022-08-23T01:27:55 IST" name="Default suite" finished-at="2022-08-23T01:28:15 IST" duration-ms="19277">
    <groups>
    </groups>
    <test started-at="2022-08-23T01:27:55 IST" name="Default test" finished-at="2022-08-23T01:28:15 IST" duration-ms="19277">
      <class name="Project.End2End.ValidateTitle">
        <test-method signature="Login()[pri:0, instance:Project.End2End.ValidateTitle@6bedbc4d]" started-at="2022-08-23T01:27:55 IST" name="Login" finished-at="2022-08-23T01:28:13 IST" duration-ms="18173" status="PASS">
          <reporter-output>
          </reporter-output>
        </test-method> <!-- Login -->
        <test-method is-config="true" signature="tearDown()[pri:0, instance:Project.End2End.ValidateTitle@6bedbc4d]" started-at="2022-08-23T01:28:13 IST" name="tearDown" finished-at="2022-08-23T01:28:15 IST" duration-ms="1014" status="PASS">
          <reporter-output>
          </reporter-output>
        </test-method> <!-- tearDown -->
      </class> <!-- Project.End2End.ValidateTitle -->
    </test> <!-- Default test -->
  </suite> <!-- Default suite -->
</testng-results>
