<?xml version="1.0" encoding="UTF-8"?>
<!-- Generated by org.testng.reporters.JUnitXMLReporter -->
<testsuite ignored="0" hostname="DESKTOP-U43NNUI" failures="0" tests="3" name="Test" time="53.084" errors="0" timestamp="2022-08-22T02:11:46 IST">
  <testcase classname="Project.End2End.Login" name="VerifyLogin" time="16.22"/>
  <testcase classname="Project.End2End.Login" name="VerifyLogin" time="14.164"/>
  <testcase classname="Project.End2End.ValidateTitle" name="Login" time="15.937"/>
</testsuite> <!-- Test -->
