<?xml version="1.0" encoding="UTF-8"?>
<!-- Generated by org.testng.reporters.JUnitXMLReporter -->
<testsuite ignored="0" hostname="DESKTOP-U43NNUI" failures="1" tests="1" name="Validate Test" time="20.679" errors="0" timestamp="2022-08-25T11:21:43 IST">
  <testcase classname="Project.End2End.ValidateTitle" name="Login" time="18.741">
    <failure type="java.lang.AssertionError" message="expected [FEATURED COURES] but found [FEATURED COURSES]">
      <![CDATA[java.lang.AssertionError: expected [FEATURED COURES] but found [FEATURED COURSES]
at Project.End2End.ValidateTitle.Login(ValidateTitle.java:35)
at java.base/java.util.ArrayList.forEach(ArrayList.java:1511)
... Removed 33 stack frames]]>
    </failure>
  </testcase> <!-- Login -->
</testsuite> <!-- Validate Test -->
