<?xml version="1.0" encoding="UTF-8"?>
<!-- Generated by org.testng.reporters.JUnitXMLReporter -->
<testsuite ignored="0" hostname="DESKTOP-U43NNUI" failures="2" tests="2" name="Validate Test" time="17.948" errors="0" timestamp="2022-08-23T11:50:23 IST">
  <testcase classname="Project.End2End.ValidateTitle" name="Login" time="17.345">
    <failure type="java.lang.AssertionError" message="expected [FEATURED COURES] but found [FEATURED COURSES]">
      <![CDATA[java.lang.AssertionError: expected [FEATURED COURES] but found [FEATURED COURSES]
at Project.End2End.ValidateTitle.Login(ValidateTitle.java:35)
at java.base/java.util.ArrayList.forEach(ArrayList.java:1511)
... Removed 33 stack frames]]>
    </failure>
  </testcase> <!-- Login -->
  <testcase classname="Project.End2End.ValidateTitle" name="Login" time="17.479">
    <failure type="java.lang.NullPointerException" message="Cannot invoke &amp;quot;org.openqa.selenium.TakesScreenshot.getScreenshotAs(org.openqa.selenium.OutputType)&amp;quot; because &amp;quot;TS&amp;quot; is null">
      <![CDATA[java.lang.NullPointerException: Cannot invoke "org.openqa.selenium.TakesScreenshot.getScreenshotAs(org.openqa.selenium.OutputType)" because "TS" is null
at Project.End2End.BrowserInvocation.getScreenshot(BrowserInvocation.java:72)
at Project.End2End.Listeners.onTestFailure(Listeners.java:35)
at java.base/java.util.ArrayList.forEach(ArrayList.java:1511)
... Removed 24 stack frames]]>
    </failure>
  </testcase> <!-- Login -->
</testsuite> <!-- Validate Test -->
